{"session":"fd026b151824","build":"183.4588.61","bucket":"-1","time":1621462674296,"group":{"id":"system.os.name","version":"9"},"event":{"data":{"created":1621462674297},"id":"Windows"}}
{"session":"fd026b151824","build":"183.4588.61","bucket":"-1","time":1621462674297,"group":{"id":"system.os.version","version":"9"},"event":{"data":{"created":1621462674316},"id":"10.0"}}
{"session":"fd026b151824","build":"183.4588.61","bucket":"-1","time":1621462674297,"group":{"id":"system.jvm.vendor","version":"9"},"event":{"data":{"created":1621462674328},"id":"JetBrains_s.r.o"}}
{"session":"fd026b151824","build":"183.4588.61","bucket":"-1","time":1621462674297,"group":{"id":"system.jvm.version","version":"9"},"event":{"data":{"created":1621462674330},"id":"1.8"}}
{"session":"fd026b151824","build":"183.4588.61","bucket":"-1","time":1621462674307,"group":{"id":"settings","version":"9"},"event":{"data":{"created":1621462674331,"name":"activeMruEditorOnClose","value":false},"id":"UISettings"}}
{"session":"fd026b151824","build":"183.4588.61","bucket":"-1","time":1621462674307,"group":{"id":"settings","version":"9"},"event":{"data":{"created":1621462674333,"name":"activeRightEditorOnClose","value":false},"id":"UISettings"}}
{"session":"fd026b151824","build":"183.4588.61","bucket":"-1","time":1621462674307,"group":{"id":"settings","version":"9"},"event":{"data":{"created":1621462674334,"name":"allowMergeButtons","value":true},"id":"UISettings"}}
{"session":"fd026b151824","build":"183.4588.61","bucket":"-1","time":1621462674307,"group":{"id":"settings","version":"9"},"event":{"data":{"created":1621462674334,"name":"alwaysShowWindowsButton","value":false},"id":"UISettings"}}
{"session":"fd026b151824","build":"183.4588.61","bucket":"-1","time":1621462674307,"group":{"id":"settings","version":"9"},"event":{"data":{"created":1621462674335,"name":"animateWindows","value":true},"id":"UISettings"}}
{"session":"fd026b151824","build":"183.4588.61","bucket":"-1","time":1621462674307,"group":{"id":"settings","version":"9"},"event":{"data":{"created":1621462674336,"name":"closeNonModifiedFilesFirst","value":false},"id":"UISettings"}}
{"session":"fd026b151824","build":"183.4588.61","bucket":"-1","time":1621462674307,"group":{"id":"settings","version":"9"},"event":{"data":{"created":1621462674336,"name":"closeTabButtonOnTheRight","value":true},"id":"UISettings"}}
{"session":"fd026b151824","build":"183.4588.61","bucket":"-1","time":1621462674307,"group":{"id":"settings","version":"9"},"event":{"data":{"created":1621462674338,"name":"cycleScrolling","value":true},"id":"UISettings"}}
{"session":"fd026b151824","build":"183.4588.61","bucket":"-1","time":1621462674307,"group":{"id":"settings","version":"9"},"event":{"data":{"created":1621462674340,"name":"defaultAutoScrollToSource","value":false},"id":"UISettings"}}
{"session":"fd026b151824","build":"183.4588.61","bucket":"-1","time":1621462674307,"group":{"id":"settings","version":"9"},"event":{"data":{"created":1621462674341,"name":"disableMnemonics","value":false},"id":"UISettings"}}
{"session":"fd026b151824","build":"183.4588.61","bucket":"-1","time":1621462674307,"group":{"id":"settings","version":"9"},"event":{"data":{"created":1621462674342,"name":"disableMnemonicsInControls","value":false},"id":"UISettings"}}
{"session":"fd026b151824","build":"183.4588.61","bucket":"-1","time":1621462674307,"group":{"id":"settings","version":"9"},"event":{"data":{"created":1621462674342,"name":"dndWithPressedAltOnly","value":false},"id":"UISettings"}}
{"session":"fd026b151824","build":"183.4588.61","bucket":"-1","time":1621462674307,"group":{"id":"settings","version":"9"},"event":{"data":{"created":1621462674343,"name":"enableAlphaMode","value":false},"id":"UISettings"}}
{"session":"fd026b151824","build":"183.4588.61","bucket":"-1","time":1621462674307,"group":{"id":"settings","version":"9"},"event":{"data":{"created":1621462674343,"name":"hideKnownExtensionInTabs","value":false},"id":"UISettings"}}
{"session":"fd026b151824","build":"183.4588.61","bucket":"-1","time":1621462674307,"group":{"id":"settings","version":"9"},"event":{"data":{"created":1621462674344,"name":"hideNavigationOnFocusLoss","value":true},"id":"UISettings"}}
{"session":"fd026b151824","build":"183.4588.61","bucket":"-1","time":1621462674307,"group":{"id":"settings","version":"9"},"event":{"data":{"created":1621462674346,"name":"hideTabsIfNeed","value":true},"id":"UISettings"}}
{"session":"fd026b151824","build":"183.4588.61","bucket":"-1","time":1621462674307,"group":{"id":"settings","version":"9"},"event":{"data":{"created":1621462674346,"name":"hideToolStripes","value":false},"id":"UISettings"}}
{"session":"fd026b151824","build":"183.4588.61","bucket":"-1","time":1621462674307,"group":{"id":"settings","version":"9"},"event":{"data":{"created":1621462674347,"name":"leftHorizontalSplit","value":false},"id":"UISettings"}}
{"session":"fd026b151824","build":"183.4588.61","bucket":"-1","time":1621462674307,"group":{"id":"settings","version":"9"},"event":{"data":{"created":1621462674347,"name":"markModifiedTabsWithAsterisk","value":false},"id":"UISettings"}}
{"session":"fd026b151824","build":"183.4588.61","bucket":"-1","time":1621462674307,"group":{"id":"settings","version":"9"},"event":{"data":{"created":1621462674348,"name":"mergeEqualStackTraces","value":true},"id":"UISettings"}}
{"session":"fd026b151824","build":"183.4588.61","bucket":"-1","time":1621462674307,"group":{"id":"settings","version":"9"},"event":{"data":{"created":1621462674348,"name":"moveMouseOnDefaultButton","value":false},"id":"UISettings"}}
{"session":"fd026b151824","build":"183.4588.61","bucket":"-1","time":1621462674307,"group":{"id":"settings","version":"9"},"event":{"data":{"created":1621462674349,"name":"navigateToPreview","value":false},"id":"UISettings"}}
{"session":"fd026b151824","build":"183.4588.61","bucket":"-1","time":1621462674307,"group":{"id":"settings","version":"9"},"event":{"data":{"created":1621462674349,"name":"overrideConsoleCycleBufferSize","value":false},"id":"UISettings"}}
{"session":"fd026b151824","build":"183.4588.61","bucket":"-1","time":1621462674307,"group":{"id":"settings","version":"9"},"event":{"data":{"created":1621462674350,"name":"overrideLafFonts","value":false},"id":"UISettings"}}
{"session":"fd026b151824","build":"183.4588.61","bucket":"-1","time":1621462674307,"group":{"id":"settings","version":"9"},"event":{"data":{"created":1621462674351,"name":"pinFindInPath","value":false},"id":"UISettings"}}
{"session":"fd026b151824","build":"183.4588.61","bucket":"-1","time":1621462674307,"group":{"id":"settings","version":"9"},"event":{"data":{"created":1621462674351,"name":"presentationMode","value":false},"id":"UISettings"}}
{"session":"fd026b151824","build":"183.4588.61","bucket":"-1","time":1621462674307,"group":{"id":"settings","version":"9"},"event":{"data":{"created":1621462674352,"name":"reuseNotModifiedTabs","value":false},"id":"UISettings"}}
{"session":"fd026b151824","build":"183.4588.61","bucket":"-1","time":1621462674307,"group":{"id":"settings","version":"9"},"event":{"data":{"created":1621462674352,"name":"rightHorizontalSplit","value":false},"id":"UISettings"}}
{"session":"fd026b151824","build":"183.4588.61","bucket":"-1","time":1621462674307,"group":{"id":"settings","version":"9"},"event":{"data":{"created":1621462674353,"name":"scrollTabLayoutInEditor","value":true},"id":"UISettings"}}
{"session":"fd026b151824","build":"183.4588.61","bucket":"-1","time":1621462674307,"group":{"id":"settings","version":"9"},"event":{"data":{"created":1621462674354,"name":"showCloseButton","value":true},"id":"UISettings"}}
{"session":"fd026b151824","build":"183.4588.61","bucket":"-1","time":1621462674307,"group":{"id":"settings","version":"9"},"event":{"data":{"created":1621462674355,"name":"showDirectoryForNonUniqueFilenames","value":true},"id":"UISettings"}}
{"session":"fd026b151824","build":"183.4588.61","bucket":"-1","time":1621462674307,"group":{"id":"settings","version":"9"},"event":{"data":{"created":1621462674356,"name":"showEditorToolTip","value":true},"id":"UISettings"}}
{"session":"fd026b151824","build":"183.4588.61","bucket":"-1","time":1621462674307,"group":{"id":"settings","version":"9"},"event":{"data":{"created":1621462674356,"name":"showIconInQuickNavigation","value":true},"id":"UISettings"}}
{"session":"fd026b151824","build":"183.4588.61","bucket":"-1","time":1621462674307,"group":{"id":"settings","version":"9"},"event":{"data":{"created":1621462674357,"name":"showIconsInMenus","value":true},"id":"UISettings"}}
{"session":"fd026b151824","build":"183.4588.61","bucket":"-1","time":1621462674307,"group":{"id":"settings","version":"9"},"event":{"data":{"created":1621462674357,"name":"showMainToolbar","value":false},"id":"UISettings"}}
{"session":"fd026b151824","build":"183.4588.61","bucket":"-1","time":1621462674307,"group":{"id":"settings","version":"9"},"event":{"data":{"created":1621462674358,"name":"showMemoryIndicator","value":false},"id":"UISettings"}}
{"session":"fd026b151824","build":"183.4588.61","bucket":"-1","time":1621462674307,"group":{"id":"settings","version":"9"},"event":{"data":{"created":1621462674358,"name":"showNavigationBar","value":true},"id":"UISettings"}}
{"session":"fd026b151824","build":"183.4588.61","bucket":"-1","time":1621462674307,"group":{"id":"settings","version":"9"},"event":{"data":{"created":1621462674359,"name":"showStatusBar","value":true},"id":"UISettings"}}
{"session":"fd026b151824","build":"183.4588.61","bucket":"-1","time":1621462674307,"group":{"id":"settings","version":"9"},"event":{"data":{"created":1621462674360,"name":"showTabsTooltips","value":true},"id":"UISettings"}}
{"session":"fd026b151824","build":"183.4588.61","bucket":"-1","time":1621462674307,"group":{"id":"settings","version":"9"},"event":{"data":{"created":1621462674360,"name":"showToolWindowsNumbers","value":true},"id":"UISettings"}}
{"session":"fd026b151824","build":"183.4588.61","bucket":"-1","time":1621462674308,"group":{"id":"settings","version":"9"},"event":{"data":{"created":1621462674361,"name":"smoothScrolling","value":false},"id":"UISettings"}}
{"session":"fd026b151824","build":"183.4588.61","bucket":"-1","time":1621462674308,"group":{"id":"settings","version":"9"},"event":{"data":{"created":1621462674361,"name":"sortBookmarks","value":false},"id":"UISettings"}}
{"session":"fd026b151824","build":"183.4588.61","bucket":"-1","time":1621462674308,"group":{"id":"settings","version":"9"},"event":{"data":{"created":1621462674362,"name":"sortLookupElementsLexicographically","value":false},"id":"UISettings"}}
{"session":"fd026b151824","build":"183.4588.61","bucket":"-1","time":1621462674308,"group":{"id":"settings","version":"9"},"event":{"data":{"created":1621462674362,"name":"useSmallLabelsOnTabs","value":false},"id":"UISettings"}}
{"session":"fd026b151824","build":"183.4588.61","bucket":"-1","time":1621462674308,"group":{"id":"settings","version":"9"},"event":{"data":{"created":1621462674362,"name":"wideScreenSupport","value":false},"id":"UISettings"}}
{"session":"fd026b151824","build":"183.4588.61","bucket":"-1","time":1621462675278,"group":{"id":"settings","version":"9"},"event":{"data":{"created":1621462675278,"name":"autoSaveIfInactive","value":false},"id":"GeneralSettings"}}
{"session":"fd026b151824","build":"183.4588.61","bucket":"-1","time":1621462675278,"group":{"id":"settings","version":"9"},"event":{"data":{"created":1621462675279,"name":"confirmExit","value":true},"id":"GeneralSettings"}}
{"session":"fd026b151824","build":"183.4588.61","bucket":"-1","time":1621462675278,"group":{"id":"settings","version":"9"},"event":{"data":{"created":1621462675279,"name":"reopenLastProject","value":true},"id":"GeneralSettings"}}
{"session":"fd026b151824","build":"183.4588.61","bucket":"-1","time":1621462675278,"group":{"id":"settings","version":"9"},"event":{"data":{"created":1621462675280,"name":"saveOnFrameDeactivation","value":true},"id":"GeneralSettings"}}
{"session":"fd026b151824","build":"183.4588.61","bucket":"-1","time":1621462675278,"group":{"id":"settings","version":"9"},"event":{"data":{"created":1621462675280,"name":"searchInBackground","value":false},"id":"GeneralSettings"}}
{"session":"fd026b151824","build":"183.4588.61","bucket":"-1","time":1621462675278,"group":{"id":"settings","version":"9"},"event":{"data":{"created":1621462675281,"name":"showTipsOnStartup","value":true},"id":"GeneralSettings"}}
{"session":"fd026b151824","build":"183.4588.61","bucket":"-1","time":1621462675278,"group":{"id":"settings","version":"9"},"event":{"data":{"created":1621462675281,"name":"showWelcomeScreen","value":true},"id":"GeneralSettings"}}
{"session":"fd026b151824","build":"183.4588.61","bucket":"-1","time":1621462675278,"group":{"id":"settings","version":"9"},"event":{"data":{"created":1621462675281,"name":"supportScreenReaders","value":false},"id":"GeneralSettings"}}
{"session":"fd026b151824","build":"183.4588.61","bucket":"-1","time":1621462675278,"group":{"id":"settings","version":"9"},"event":{"data":{"created":1621462675281,"name":"syncOnFrameActivation","value":true},"id":"GeneralSettings"}}
{"session":"fd026b151824","build":"183.4588.61","bucket":"-1","time":1621462675278,"group":{"id":"settings","version":"9"},"event":{"data":{"created":1621462675282,"name":"useDefaultBrowser","value":true},"id":"GeneralSettings"}}
{"session":"fd026b151824","build":"183.4588.61","bucket":"-1","time":1621462675278,"group":{"id":"settings","version":"9"},"event":{"data":{"created":1621462675282,"name":"useSafeWrite","value":true},"id":"GeneralSettings"}}
{"session":"fd026b151824","build":"183.4588.61","bucket":"-1","time":1621462678152,"group":{"id":"ui.dialogs","version":"9"},"event":{"count":1,"data":{"created":1621462678152,"type":"show"},"id":"com.intellij.openapi.progress.util.ProgressDialog$MyDialogWrapper"}}
{"session":"fd026b151824","build":"183.4588.61","bucket":"-1","time":1621462680600,"group":{"id":"ui.dialogs","version":"9"},"event":{"count":1,"data":{"code":1,"created":1621462680601,"type":"close"},"id":"com.intellij.openapi.progress.util.ProgressDialog$MyDialogWrapper"}}
{"session":"fd026b151824","build":"183.4588.61","bucket":"-1","time":1621462680660,"group":{"id":"statistics.lifecycle.project","version":"9"},"event":{"count":1,"data":{"created":1621462680660,"project":"-1762905611"},"id":"project.opened"}}
{"session":"fd026b151824","build":"183.4588.61","bucket":"-1","time":1621462680661,"group":{"id":"lifecycle","version":"9"},"event":{"count":1,"data":{"created":1621462680661},"id":"project.opened"}}
{"session":"fd026b151824","build":"183.4588.61","bucket":"-1","time":1621462683746,"group":{"id":"ui.dialogs","version":"9"},"event":{"count":1,"data":{"created":1621462683749,"type":"show"},"id":"com.intellij.openapi.progress.util.ProgressDialog$MyDialogWrapper"}}
{"session":"fd026b151824","build":"183.4588.61","bucket":"-1","time":1621462686403,"group":{"id":"toolwindow.v2","version":"9"},"event":{"count":1,"data":{"created":1621462686403,"data_1":"Windows"},"id":"Project_by_Activation"}}
{"session":"fd026b151824","build":"183.4588.61","bucket":"-1","time":1621462687032,"group":{"id":"statistics.lifecycle.app","version":"9"},"event":{"count":1,"data":{"created":1621462687032},"id":"ide.start"}}
{"session":"fd026b151824","build":"183.4588.61","bucket":"-1","time":1621462687032,"group":{"id":"lifecycle","version":"9"},"event":{"count":1,"data":{"created":1621462687033},"id":"app.started"}}
{"session":"fd026b151824","build":"183.4588.61","bucket":"-1","time":1621462687364,"group":{"id":"statistics.ui.tips","version":"9"},"event":{"count":1,"data":{"created":1621462687364},"id":"shown.automatically"}}
{"session":"fd026b151824","build":"183.4588.61","bucket":"-1","time":1621462687420,"group":{"id":"ui.dialogs","version":"9"},"event":{"count":1,"data":{"created":1621462687420,"type":"show"},"id":"com.intellij.ide.util.TipDialog"}}
{"session":"fd026b151824","build":"183.4588.61","bucket":"-1","time":1621462688869,"group":{"id":"ui.dialogs","version":"9"},"event":{"count":1,"data":{"code":1,"created":1621462688869,"type":"close"},"id":"com.intellij.openapi.progress.util.ProgressDialog$MyDialogWrapper"}}
{"session":"fd026b151824","build":"183.4588.61","bucket":"-1","time":1621462689126,"group":{"id":"statistics.lifecycle.project","version":"9"},"event":{"count":1,"data":{"created":1621462689126,"project":"-1762905611"},"id":"project.open.time.11"}}
{"session":"fd026b151824","build":"183.4588.61","bucket":"-1","time":1621462689126,"group":{"id":"lifecycle","version":"9"},"event":{"count":1,"data":{"created":1621462689127,"time.ms":11743},"id":"project.opening.finished"}}
{"session":"fd026b151824","build":"183.4588.61","bucket":"-1","time":1621462695351,"group":{"id":"ui.dialogs","version":"9"},"event":{"count":1,"data":{"code":1,"created":1621462695351,"type":"close"},"id":"com.intellij.ide.util.TipDialog"}}
{"session":"fd026b151824","build":"183.4588.61","bucket":"-1","time":1621462697906,"group":{"id":"actions.v2","version":"9"},"event":{"count":1,"data":{"context_menu":false,"created":1621462697906,"data_1":"Windows"},"id":"tooltip.actions.show.description.morelink"}}
{"session":"fd026b151824","build":"183.4588.61","bucket":"-1","time":1621462717867,"group":{"id":"actions.v2","version":"9"},"event":{"count":1,"data":{"context_menu":false,"created":1621462717867,"data_1":"Windows"},"id":"tooltip.actions.show.description.morelink"}}
{"session":"fd026b151824","build":"183.4588.61","bucket":"-1","time":1621462747102,"group":{"id":"actions.v2","version":"9"},"event":{"count":1,"data":{"context_menu":false,"created":1621462747102,"data_1":"Windows"},"id":"tooltip.actions.show.description.morelink"}}
{"session":"fd026b151824","build":"183.4588.61","bucket":"-1","time":1621462758268,"group":{"id":"statistics.productivity","version":"9"},"event":{"count":1,"data":{"created":1621462758269},"id":"codeassists.highlight.throws"}}
{"session":"fd026b151824","build":"183.4588.61","bucket":"-1","time":1621462758696,"group":{"id":"actions.v2","version":"9"},"event":{"count":1,"data":{"context_menu":false,"created":1621462758696,"data_1":"Windows"},"id":"EditorEnter"}}
{"session":"fd026b151824","build":"183.4588.61","bucket":"-1","time":1621462758703,"group":{"id":"statistics.file.types.edit","version":"9"},"event":{"count":1,"data":{"created":1621462758703,"project":"-1762905611"},"id":"JAVA"}}
{"session":"fd026b151824","build":"183.4588.61","bucket":"-1","time":1621462759114,"group":{"id":"statistics.productivity","version":"9"},"event":{"count":1,"data":{"created":1621462759114},"id":"codeassists.highlight.throws"}}
{"session":"fd026b151824","build":"183.4588.61","bucket":"-1","time":1621462759313,"group":{"id":"actions.v2","version":"9"},"event":{"count":1,"data":{"context_menu":false,"created":1621462759313,"data_1":"Windows"},"id":"EditorEnter"}}
{"session":"fd026b151824","build":"183.4588.61","bucket":"-1","time":1621462759630,"group":{"id":"statistics.productivity","version":"9"},"event":{"count":1,"data":{"created":1621462759630},"id":"codeassists.highlight.throws"}}
{"session":"fd026b151824","build":"183.4588.61","bucket":"-1","time":1621462759638,"group":{"id":"actions.v2","version":"9"},"event":{"count":1,"data":{"context_menu":false,"created":1621462759638,"data_1":"Windows"},"id":"EditorEnter"}}
{"session":"fd026b151824","build":"183.4588.61","bucket":"-1","time":1621462759993,"group":{"id":"statistics.productivity","version":"9"},"event":{"count":1,"data":{"created":1621462759993},"id":"codeassists.highlight.throws"}}
{"session":"fd026b151824","build":"183.4588.61","bucket":"-1","time":1621462761405,"group":{"id":"actions.v2","version":"9"},"event":{"count":1,"data":{"context_menu":false,"created":1621462761405,"data_1":"Windows"},"id":"EditorEnter"}}
{"session":"fd026b151824","build":"183.4588.61","bucket":"-1","time":1621462761795,"group":{"id":"statistics.productivity","version":"9"},"event":{"count":1,"data":{"created":1621462761795},"id":"codeassists.highlight.throws"}}
{"session":"fd026b151824","build":"183.4588.61","bucket":"-1","time":1621462764520,"group":{"id":"actions.v2","version":"9"},"event":{"count":1,"data":{"context_menu":false,"created":1621462764520,"data_1":"Windows"},"id":"tooltip.actions.show.description.morelink"}}
{"session":"fd026b151824","build":"183.4588.61","bucket":"-1","time":1621462766077,"group":{"id":"statistics.productivity","version":"9"},"event":{"count":1,"data":{"created":1621462766087},"id":"codeassists.highlight.throws"}}
{"session":"fd026b151824","build":"183.4588.61","bucket":"-1","time":1621462785606,"group":{"id":"actions.v2","version":"9"},"event":{"count":5,"data":{"context_menu":false,"last":1621462789690,"created":1621462785606,"data_1":"Windows"},"id":"EditorBackSpace"}}
{"session":"fd026b151824","build":"183.4588.61","bucket":"-1","time":1621462791382,"group":{"id":"actions.v2","version":"9"},"event":{"count":1,"data":{"context_menu":false,"created":1621462791382,"data_1":"Windows"},"id":"tooltip.actions.show.description.morelink"}}
{"session":"fd026b151824","build":"183.4588.61","bucket":"-1","time":1621463876834,"group":{"id":"internal.statistics.vcs.github","version":"9"},"event":{"data":{"created":1621463876835},"id":"github.accounts.not.default.host.disabled"}}
{"session":"fd026b151824","build":"183.4588.61","bucket":"-1","time":1621463876835,"group":{"id":"internal.statistics.vcs.github","version":"9"},"event":{"data":{"created":1621463876835},"id":"github.accounts.count.0"}}
{"session":"fd026b151824","build":"183.4588.61","bucket":"-1","time":1621463876843,"group":{"id":"internal.statistics.os.version","version":"9"},"event":{"data":{"created":1621463876843},"id":"Windows_10.10.0"}}
{"session":"fd026b151824","build":"183.4588.61","bucket":"-1","time":1621463876870,"group":{"id":"internal.statistics.jdk.user","version":"9"},"event":{"data":{"created":1621463876870},"id":"JetBrains_s.r.o.1.8"}}
{"session":"fd026b151824","build":"183.4588.61","bucket":"-1","time":1621463876870,"group":{"id":"internal.statistics.ui.fonts","version":"9"},"event":{"data":{"created":1621463876870,"data_1":"Windows"},"id":"Presentation.mode.font.size[24]"}}
{"session":"fd026b151824","build":"183.4588.61","bucket":"-1","time":1621463876870,"group":{"id":"internal.statistics.ui.fonts","version":"9"},"event":{"data":{"created":1621463876870,"data_1":"Windows"},"id":"IDE.editor.font.name[Monospaced]"}}
{"session":"fd026b151824","build":"183.4588.61","bucket":"-1","time":1621463876870,"group":{"id":"internal.statistics.ui.fonts","version":"9"},"event":{"data":{"created":1621463876870,"data_1":"Windows"},"id":"IDE.editor.font.size[12]"}}
{"session":"fd026b151824","build":"183.4588.61","bucket":"-1","time":1621463876870,"group":{"id":"internal.statistics.ui.fonts","version":"9"},"event":{"data":{"created":1621463876871,"data_1":"Windows"},"id":"UI.font.name[null]"}}
{"session":"fd026b151824","build":"183.4588.61","bucket":"-1","time":1621463876870,"group":{"id":"internal.statistics.ui.fonts","version":"9"},"event":{"data":{"created":1621463876871,"data_1":"Windows"},"id":"UI.font.size[12]"}}
{"session":"fd026b151824","build":"183.4588.61","bucket":"-1","time":1621463876870,"group":{"id":"internal.statistics.ui.editor.color.schemes","version":"9"},"event":{"data":{"created":1621463876871,"data_1":"Windows"},"id":"Default"}}
{"session":"fd026b151824","build":"183.4588.61","bucket":"-1","time":1621463876878,"group":{"id":"internal.statistics.platform.registry.application","version":"9"},"event":{"data":{"created":1621463876878},"id":"java.completion.argument.hints.internal"}}
{"session":"fd026b151824","build":"183.4588.61","bucket":"-1","time":1621463876878,"group":{"id":"internal.statistics.platform.registry.application","version":"9"},"event":{"data":{"created":1621463876879},"id":"inline.browse.button"}}
{"session":"fd026b151824","build":"183.4588.61","bucket":"-1","time":1621463876879,"group":{"id":"internal.statistics.ui.accessibility.screen.reader","version":"9"},"event":{"data":{"created":1621463876879},"id":"Windows.screen.reader.DISABLED"}}
{"session":"fd026b151824","build":"183.4588.61","bucket":"-1","time":1621463876879,"group":{"id":"internal.statistics.user.advanced.info","version":"9"},"event":{"data":{"created":1621463876879},"id":"release"}}
{"session":"fd026b151824","build":"183.4588.61","bucket":"-1","time":1621463876901,"group":{"id":"internal.statistics.editor.settings.ide","version":"9"},"event":{"data":{"created":1621463876901},"id":"completionHints"}}
{"session":"fd026b151824","build":"183.4588.61","bucket":"-1","time":1621463876902,"group":{"id":"internal.statistics.ui.look.and.feel","version":"9"},"event":{"data":{"created":1621463876902,"data_1":"Windows"},"id":"Windows_10.windows.IntelliJ"}}
{"session":"fd026b151824","build":"183.4588.61","bucket":"-1","time":1621463876903,"group":{"id":"internal.statistics.ui.hidpi.mode","version":"9"},"event":{"data":{"created":1621463876903,"data_1":"Windows"},"id":"Windows.per_monitor_dpi"}}
{"session":"fd026b151824","build":"183.4588.61","bucket":"-1","time":1621463876908,"group":{"id":"internal.statistics.ui.screen.scale","version":"9"},"event":{"data":{"created":1621463876908,"data_1":"Windows"},"id":"Windows_1.25"}}
{"session":"fd026b151824","build":"183.4588.61","bucket":"-1","time":1621463876909,"group":{"id":"internal.statistics.ui.info.features","version":"9"},"event":{"data":{"created":1621463876909,"data_1":"Windows"},"id":"Tool.Window.buttons.hidden"}}
{"session":"fd026b151824","build":"183.4588.61","bucket":"-1","time":1621463876909,"group":{"id":"internal.statistics.ui.info.features","version":"9"},"event":{"data":{"created":1621463876909,"data_1":"Windows"},"id":"Line.Numbers"}}
{"session":"fd026b151824","build":"183.4588.61","bucket":"-1","time":1621463876909,"group":{"id":"internal.statistics.ui.info.features","version":"9"},"event":{"data":{"created":1621463876909,"data_1":"Windows"},"id":"Show.tips.on.startup"}}
{"session":"fd026b151824","build":"183.4588.61","bucket":"-1","time":1621463876909,"group":{"id":"internal.statistics.ui.info.features","version":"9"},"event":{"data":{"created":1621463876910,"data_1":"Windows"},"id":"Gutter.Icons"}}
{"session":"fd026b151824","build":"183.4588.61","bucket":"-1","time":1621463876909,"group":{"id":"internal.statistics.ui.info.features","version":"9"},"event":{"data":{"created":1621463876910,"data_1":"Windows"},"id":"Toolbar.and.NavBar"}}
{"session":"fd026b151824","build":"183.4588.61","bucket":"-1","time":1621463876909,"group":{"id":"internal.statistics.ui.info.features","version":"9"},"event":{"data":{"created":1621463876910,"data_1":"Windows"},"id":"Toolbar.hidden"}}
{"session":"fd026b151824","build":"183.4588.61","bucket":"-1","time":1621463876909,"group":{"id":"internal.statistics.ui.info.features","version":"9"},"event":{"data":{"created":1621463876910,"data_1":"Windows"},"id":"Recent.Files[30_50]"}}
{"session":"fd026b151824","build":"183.4588.61","bucket":"-1","time":1621463876909,"group":{"id":"internal.statistics.ui.info.features","version":"9"},"event":{"data":{"created":1621463876910,"data_1":"Windows"},"id":"Tabs.Top"}}
{"session":"fd026b151824","build":"183.4588.61","bucket":"-1","time":1621463876909,"group":{"id":"internal.statistics.ui.info.features","version":"9"},"event":{"data":{"created":1621463876910,"data_1":"Windows","event_data_1":"[30_50]"},"id":"recent.files"}}
{"session":"fd026b151824","build":"183.4588.61","bucket":"-1","time":1621463876909,"group":{"id":"internal.statistics.ui.info.features","version":"9"},"event":{"data":{"created":1621463876910,"data_1":"Windows"},"id":"Allow.merging.buttons.enabled"}}
{"session":"fd026b151824","build":"183.4588.61","bucket":"-1","time":1621463876909,"group":{"id":"internal.statistics.ui.info.features","version":"9"},"event":{"data":{"created":1621463876911,"data_1":"Windows"},"id":"Status.bar.visible"}}
{"session":"fd026b151824","build":"183.4588.61","bucket":"-1","time":1621463876909,"group":{"id":"internal.statistics.ui.info.features","version":"9"},"event":{"data":{"created":1621463876911,"data_1":"Windows"},"id":"Nav.Bar.visible"}}
{"session":"fd026b151824","build":"183.4588.61","bucket":"-1","time":1621463876924,"group":{"id":"internal.statistics.vcs.diff","version":"9"},"event":{"data":{"created":1621463876924},"id":"use.unified.diff.Default.disabled"}}
{"session":"fd026b151824","build":"183.4588.61","bucket":"-1","time":1621463876924,"group":{"id":"internal.statistics.vcs.diff","version":"9"},"event":{"data":{"created":1621463876924},"id":"show.warnings.policy.CommitDialog.inspections"}}
{"session":"fd026b151824","build":"183.4588.61","bucket":"-1","time":1621463876924,"group":{"id":"internal.statistics.vcs.diff","version":"9"},"event":{"data":{"created":1621463876924},"id":"ignore.policy.Default.default"}}
{"session":"fd026b151824","build":"183.4588.61","bucket":"-1","time":1621463876924,"group":{"id":"internal.statistics.vcs.diff","version":"9"},"event":{"data":{"created":1621463876925},"id":"ignore.policy.TestsFiledAssertions.default"}}
{"session":"fd026b151824","build":"183.4588.61","bucket":"-1","time":1621463876924,"group":{"id":"internal.statistics.vcs.diff","version":"9"},"event":{"data":{"created":1621463876925},"id":"use.soft.wraps.Merge.disabled"}}
{"session":"fd026b151824","build":"183.4588.61","bucket":"-1","time":1621463876924,"group":{"id":"internal.statistics.vcs.diff","version":"9"},"event":{"data":{"created":1621463876925},"id":"show.warnings.policy.ChangesView.inspections"}}
{"session":"fd026b151824","build":"183.4588.61","bucket":"-1","time":1621463876924,"group":{"id":"internal.statistics.vcs.diff","version":"9"},"event":{"data":{"created":1621463876925},"id":"collapse.unchanged.TestsFiledAssertions.disabled"}}
{"session":"fd026b151824","build":"183.4588.61","bucket":"-1","time":1621463876924,"group":{"id":"internal.statistics.vcs.diff","version":"9"},"event":{"data":{"created":1621463876925},"id":"use.unified.diff.VcsLogView.enabled"}}
{"session":"fd026b151824","build":"183.4588.61","bucket":"-1","time":1621463876924,"group":{"id":"internal.statistics.vcs.diff","version":"9"},"event":{"data":{"created":1621463876926},"id":"show.line.numbers.ChangesView.enabled"}}
{"session":"fd026b151824","build":"183.4588.61","bucket":"-1","time":1621463876924,"group":{"id":"internal.statistics.vcs.diff","version":"9"},"event":{"data":{"created":1621463876926},"id":"ignore.policy.Merge.default"}}
{"session":"fd026b151824","build":"183.4588.61","bucket":"-1","time":1621463876924,"group":{"id":"internal.statistics.vcs.diff","version":"9"},"event":{"data":{"created":1621463876926},"id":"show.warnings.policy.Merge.inspections"}}
{"session":"fd026b151824","build":"183.4588.61","bucket":"-1","time":1621463876924,"group":{"id":"internal.statistics.vcs.diff","version":"9"},"event":{"data":{"created":1621463876926},"id":"use.soft.wraps.TestsFiledAssertions.disabled"}}
{"session":"fd026b151824","build":"183.4588.61","bucket":"-1","time":1621463876924,"group":{"id":"internal.statistics.vcs.diff","version":"9"},"event":{"data":{"created":1621463876927},"id":"use.unified.diff.TestsFiledAssertions.disabled"}}
{"session":"fd026b151824","build":"183.4588.61","bucket":"-1","time":1621463876924,"group":{"id":"internal.statistics.vcs.diff","version":"9"},"event":{"data":{"created":1621463876927},"id":"ignore.policy.ChangesView.default"}}
{"session":"fd026b151824","build":"183.4588.61","bucket":"-1","time":1621463876924,"group":{"id":"internal.statistics.vcs.diff","version":"9"},"event":{"data":{"created":1621463876927},"id":"use.soft.wraps.Default.disabled"}}
{"session":"fd026b151824","build":"183.4588.61","bucket":"-1","time":1621463876924,"group":{"id":"internal.statistics.vcs.diff","version":"9"},"event":{"data":{"created":1621463876927},"id":"use.unified.diff.ChangesView.disabled"}}
{"session":"fd026b151824","build":"183.4588.61","bucket":"-1","time":1621463876924,"group":{"id":"internal.statistics.vcs.diff","version":"9"},"event":{"data":{"created":1621463876927},"id":"collapse.unchanged.Default.disabled"}}
{"session":"fd026b151824","build":"183.4588.61","bucket":"-1","time":1621463876924,"group":{"id":"internal.statistics.vcs.diff","version":"9"},"event":{"data":{"created":1621463876927},"id":"enable.read.lock.CommitDialog.enabled"}}
{"session":"fd026b151824","build":"183.4588.61","bucket":"-1","time":1621463876924,"group":{"id":"internal.statistics.vcs.diff","version":"9"},"event":{"data":{"created":1621463876927},"id":"use.soft.wraps.ChangesView.disabled"}}
{"session":"fd026b151824","build":"183.4588.61","bucket":"-1","time":1621463876924,"group":{"id":"internal.statistics.vcs.diff","version":"9"},"event":{"data":{"created":1621463876927},"id":"collapse.unchanged.Merge.disabled"}}
{"session":"fd026b151824","build":"183.4588.61","bucket":"-1","time":1621463876924,"group":{"id":"internal.statistics.vcs.diff","version":"9"},"event":{"data":{"created":1621463876928},"id":"use.unified.diff.Merge.disabled"}}
{"session":"fd026b151824","build":"183.4588.61","bucket":"-1","time":1621463876924,"group":{"id":"internal.statistics.vcs.diff","version":"9"},"event":{"data":{"created":1621463876928},"id":"show.warnings.policy.TestsFiledAssertions.inspections"}}
{"session":"fd026b151824","build":"183.4588.61","bucket":"-1","time":1621463876924,"group":{"id":"internal.statistics.vcs.diff","version":"9"},"event":{"data":{"created":1621463876928},"id":"highlight.policy.Merge.by_word"}}
{"session":"fd026b151824","build":"183.4588.61","bucket":"-1","time":1621463876924,"group":{"id":"internal.statistics.vcs.diff","version":"9"},"event":{"data":{"created":1621463876928},"id":"use.unified.diff.CommitDialog.disabled"}}
{"session":"fd026b151824","build":"183.4588.61","bucket":"-1","time":1621463876924,"group":{"id":"internal.statistics.vcs.diff","version":"9"},"event":{"data":{"created":1621463876928},"id":"ignore.policy.VcsLogView.default"}}
{"session":"fd026b151824","build":"183.4588.61","bucket":"-1","time":1621463876924,"group":{"id":"internal.statistics.vcs.diff","version":"9"},"event":{"data":{"created":1621463876928},"id":"collapse.unchanged.VcsLogView.enabled"}}
{"session":"fd026b151824","build":"183.4588.61","bucket":"-1","time":1621463876924,"group":{"id":"internal.statistics.vcs.diff","version":"9"},"event":{"data":{"created":1621463876928},"id":"external.merge.disabled"}}
{"session":"fd026b151824","build":"183.4588.61","bucket":"-1","time":1621463876924,"group":{"id":"internal.statistics.vcs.diff","version":"9"},"event":{"data":{"created":1621463876929},"id":"highlight.policy.CommitDialog.by_word"}}
{"session":"fd026b151824","build":"183.4588.61","bucket":"-1","time":1621463876924,"group":{"id":"internal.statistics.vcs.diff","version":"9"},"event":{"data":{"created":1621463876929},"id":"show.warnings.policy.Default.inspections"}}
{"session":"fd026b151824","build":"183.4588.61","bucket":"-1","time":1621463876924,"group":{"id":"internal.statistics.vcs.diff","version":"9"},"event":{"data":{"created":1621463876929},"id":"highlight.policy.ChangesView.by_word"}}
{"session":"fd026b151824","build":"183.4588.61","bucket":"-1","time":1621463876924,"group":{"id":"internal.statistics.vcs.diff","version":"9"},"event":{"data":{"created":1621463876929},"id":"external.diff.default.disabled"}}
{"session":"fd026b151824","build":"183.4588.61","bucket":"-1","time":1621463876924,"group":{"id":"internal.statistics.vcs.diff","version":"9"},"event":{"data":{"created":1621463876929},"id":"collapse.unchanged.ChangesView.enabled"}}
{"session":"fd026b151824","build":"183.4588.61","bucket":"-1","time":1621463876924,"group":{"id":"internal.statistics.vcs.diff","version":"9"},"event":{"data":{"created":1621463876929},"id":"use.soft.wraps.VcsLogView.disabled"}}
{"session":"fd026b151824","build":"183.4588.61","bucket":"-1","time":1621463876924,"group":{"id":"internal.statistics.vcs.diff","version":"9"},"event":{"data":{"created":1621463876929},"id":"highlight.policy.TestsFiledAssertions.by_word"}}
{"session":"fd026b151824","build":"183.4588.61","bucket":"-1","time":1621463876924,"group":{"id":"internal.statistics.vcs.diff","version":"9"},"event":{"data":{"created":1621463876930},"id":"show.line.numbers.Default.enabled"}}
{"session":"fd026b151824","build":"183.4588.61","bucket":"-1","time":1621463876924,"group":{"id":"internal.statistics.vcs.diff","version":"9"},"event":{"data":{"created":1621463876930},"id":"show.line.numbers.TestsFiledAssertions.enabled"}}
{"session":"fd026b151824","build":"183.4588.61","bucket":"-1","time":1621463876924,"group":{"id":"internal.statistics.vcs.diff","version":"9"},"event":{"data":{"created":1621463876930},"id":"use.soft.wraps.CommitDialog.disabled"}}
{"session":"fd026b151824","build":"183.4588.61","bucket":"-1","time":1621463876924,"group":{"id":"internal.statistics.vcs.diff","version":"9"},"event":{"data":{"created":1621463876930},"id":"show.line.numbers.VcsLogView.enabled"}}
{"session":"fd026b151824","build":"183.4588.61","bucket":"-1","time":1621463876924,"group":{"id":"internal.statistics.vcs.diff","version":"9"},"event":{"data":{"created":1621463876931},"id":"ignore.policy.CommitDialog.default"}}
{"session":"fd026b151824","build":"183.4588.61","bucket":"-1","time":1621463876924,"group":{"id":"internal.statistics.vcs.diff","version":"9"},"event":{"data":{"created":1621463876931},"id":"highlight.policy.VcsLogView.by_word"}}
{"session":"fd026b151824","build":"183.4588.61","bucket":"-1","time":1621463876924,"group":{"id":"internal.statistics.vcs.diff","version":"9"},"event":{"data":{"created":1621463876931},"id":"iterate.next.file.enabled"}}
{"session":"fd026b151824","build":"183.4588.61","bucket":"-1","time":1621463876924,"group":{"id":"internal.statistics.vcs.diff","version":"9"},"event":{"data":{"created":1621463876932},"id":"highlight.policy.Default.by_word"}}
{"session":"fd026b151824","build":"183.4588.61","bucket":"-1","time":1621463876924,"group":{"id":"internal.statistics.vcs.diff","version":"9"},"event":{"data":{"created":1621463876933},"id":"show.line.numbers.Merge.enabled"}}
{"session":"fd026b151824","build":"183.4588.61","bucket":"-1","time":1621463876924,"group":{"id":"internal.statistics.vcs.diff","version":"9"},"event":{"data":{"created":1621463876933},"id":"external.diff.disabled"}}
{"session":"fd026b151824","build":"183.4588.61","bucket":"-1","time":1621463876924,"group":{"id":"internal.statistics.vcs.diff","version":"9"},"event":{"data":{"created":1621463876933},"id":"show.warnings.policy.VcsLogView.inspections"}}
{"session":"fd026b151824","build":"183.4588.61","bucket":"-1","time":1621463876924,"group":{"id":"internal.statistics.vcs.diff","version":"9"},"event":{"data":{"created":1621463876933},"id":"collapse.unchanged.CommitDialog.enabled"}}
{"session":"fd026b151824","build":"183.4588.61","bucket":"-1","time":1621463876924,"group":{"id":"internal.statistics.vcs.diff","version":"9"},"event":{"data":{"created":1621463876934},"id":"show.line.numbers.CommitDialog.enabled"}}
{"session":"fd026b151824","build":"183.4588.61","bucket":"-1","time":1621463876924,"group":{"id":"internal.statistics.os.name","version":"9"},"event":{"data":{"created":1621463876934},"id":"Windows"}}
{"session":"fd026b151824","build":"183.4588.61","bucket":"-1","time":1621463879028,"group":{"id":"internal.statistics.javaLibraries","version":"9"},"event":{"data":{"created":1621463879028,"project":"-1762905611"},"id":"gson_2.8.5"}}
{"session":"fd026b151824","build":"183.4588.61","bucket":"-1","time":1621463879028,"group":{"id":"internal.statistics.javaLibraries","version":"9"},"event":{"data":{"created":1621463879028,"project":"-1762905611"},"id":"apache-http_4.4.13"}}
{"session":"fd026b151824","build":"183.4588.61","bucket":"-1","time":1621463879028,"group":{"id":"internal.statistics.javaLibraries","version":"9"},"event":{"data":{"created":1621463879029,"project":"-1762905611"},"id":"javax-jpa_2.2"}}
{"session":"fd026b151824","build":"183.4588.61","bucket":"-1","time":1621463879028,"group":{"id":"internal.statistics.javaLibraries","version":"9"},"event":{"data":{"created":1621463879029,"project":"-1762905611"},"id":"jetbrains-annotations_16.0.3"}}
{"session":"fd026b151824","build":"183.4588.61","bucket":"-1","time":1621463879028,"group":{"id":"internal.statistics.javaLibraries","version":"9"},"event":{"data":{"created":1621463879029,"project":"-1762905611"},"id":"testng_7.3.0"}}
{"session":"fd026b151824","build":"183.4588.61","bucket":"-1","time":1621463879028,"group":{"id":"internal.statistics.javaLibraries","version":"9"},"event":{"data":{"created":1621463879029,"project":"-1762905611"},"id":"hibernate_5.4.10.Final"}}
{"session":"fd026b151824","build":"183.4588.61","bucket":"-1","time":1621463879028,"group":{"id":"internal.statistics.javaLibraries","version":"9"},"event":{"data":{"created":1621463879029,"project":"-1762905611"},"id":"junit4_4.12"}}
{"session":"fd026b151824","build":"183.4588.61","bucket":"-1","time":1621463879050,"group":{"id":"internal.statistics.vcs.git.settings","version":"9"},"event":{"data":{"created":1621463879050,"project":"-1762905611"},"id":"config.repo.sync.NOT_DECIDED"}}
{"session":"fd026b151824","build":"183.4588.61","bucket":"-1","time":1621463879050,"group":{"id":"internal.statistics.vcs.git.settings","version":"9"},"event":{"data":{"created":1621463879051,"project":"-1762905611"},"id":"config.push.autoupdate.disabled"}}
{"session":"fd026b151824","build":"183.4588.61","bucket":"-1","time":1621463879050,"group":{"id":"internal.statistics.vcs.git.settings","version":"9"},"event":{"data":{"created":1621463879051,"project":"-1762905611"},"id":"config.warn.about.crlf.enabled"}}
{"session":"fd026b151824","build":"183.4588.61","bucket":"-1","time":1621463879050,"group":{"id":"internal.statistics.vcs.git.settings","version":"9"},"event":{"data":{"created":1621463879051,"project":"-1762905611"},"id":"version.0.0.0-NULL"}}
{"session":"fd026b151824","build":"183.4588.61","bucket":"-1","time":1621463879050,"group":{"id":"internal.statistics.vcs.git.settings","version":"9"},"event":{"data":{"created":1621463879051,"project":"-1762905611"},"id":"config.push.update.all.roots.enabled"}}
{"session":"fd026b151824","build":"183.4588.61","bucket":"-1","time":1621463879050,"group":{"id":"internal.statistics.vcs.git.settings","version":"9"},"event":{"data":{"created":1621463879051,"project":"-1762905611"},"id":"config.warn.about.detached.enabled"}}
{"session":"fd026b151824","build":"183.4588.61","bucket":"-1","time":1621463879050,"group":{"id":"internal.statistics.vcs.git.settings","version":"9"},"event":{"data":{"created":1621463879051,"project":"-1762905611"},"id":"config.cherry-pick.autocommit.disabled"}}
{"session":"fd026b151824","build":"183.4588.61","bucket":"-1","time":1621463879050,"group":{"id":"internal.statistics.vcs.git.settings","version":"9"},"event":{"data":{"created":1621463879052,"project":"-1762905611"},"id":"config.update.type.BRANCH_DEFAULT"}}
{"session":"fd026b151824","build":"183.4588.61","bucket":"-1","time":1621463879050,"group":{"id":"internal.statistics.vcs.git.settings","version":"9"},"event":{"data":{"created":1621463879052,"project":"-1762905611"},"id":"config.ssh.disabled"}}
{"session":"fd026b151824","build":"183.4588.61","bucket":"-1","time":1621463879050,"group":{"id":"internal.statistics.vcs.git.settings","version":"9"},"event":{"data":{"created":1621463879052,"project":"-1762905611"},"id":"config.save.policy.STASH"}}
{"session":"fd026b151824","build":"183.4588.61","bucket":"-1","time":1621463879058,"group":{"id":"internal.statistics.build.tools","version":"9"},"event":{"data":{"created":1621463879058,"project":"-1762905611"},"id":"Maven"}}
{"session":"fd026b151824","build":"183.4588.61","bucket":"-1","time":1621463879158,"group":{"id":"internal.statistics.run.dashboard","version":"9"},"event":{"data":{"created":1621463879158,"project":"-1762905611"},"id":"run.dashboard.disabled"}}
{"session":"fd026b151824","build":"183.4588.61","bucket":"-1","time":1621463879162,"group":{"id":"internal.statistics.debugger.breakpoints","version":"9"},"event":{"data":{"created":1621463879162,"project":"-1762905611"},"id":"total.0"}}
{"session":"fd026b151824","build":"183.4588.61","bucket":"-1","time":1621463879163,"group":{"id":"internal.statistics.build.maven.state","version":"9"},"event":{"data":{"created":1621463879163,"project":"-1762905611"},"id":"printErrorStackTraces.disabled"}}
{"session":"fd026b151824","build":"183.4588.61","bucket":"-1","time":1621463879163,"group":{"id":"internal.statistics.build.maven.state","version":"9"},"event":{"data":{"created":1621463879163,"project":"-1762905611"},"id":"downloadSourcesAutomatically.disabled"}}
{"session":"fd026b151824","build":"183.4588.61","bucket":"-1","time":1621463879163,"group":{"id":"internal.statistics.build.maven.state","version":"9"},"event":{"data":{"created":1621463879163,"project":"-1762905611"},"id":"failureBehavior.not_set"}}
{"session":"fd026b151824","build":"183.4588.61","bucket":"-1","time":1621463879163,"group":{"id":"internal.statistics.build.maven.state","version":"9"},"event":{"data":{"created":1621463879163,"project":"-1762905611"},"id":"excludeTargetFolder.enabled"}}
{"session":"fd026b151824","build":"183.4588.61","bucket":"-1","time":1621463879163,"group":{"id":"internal.statistics.build.maven.state","version":"9"},"event":{"data":{"created":1621463879164,"project":"-1762905611"},"id":"nonRecursive.disabled"}}
{"session":"fd026b151824","build":"183.4588.61","bucket":"-1","time":1621463879163,"group":{"id":"internal.statistics.build.maven.state","version":"9"},"event":{"data":{"created":1621463879164,"project":"-1762905611"},"id":"downloadDocsAutomatically.disabled"}}
{"session":"fd026b151824","build":"183.4588.61","bucket":"-1","time":1621463879163,"group":{"id":"internal.statistics.build.maven.state","version":"9"},"event":{"data":{"created":1621463879164,"project":"-1762905611"},"id":"lookForNested.disabled"}}
{"session":"fd026b151824","build":"183.4588.61","bucket":"-1","time":1621463879163,"group":{"id":"internal.statistics.build.maven.state","version":"9"},"event":{"data":{"created":1621463879164,"project":"-1762905611"},"id":"createModulesForAggregators.enabled"}}
{"session":"fd026b151824","build":"183.4588.61","bucket":"-1","time":1621463879163,"group":{"id":"internal.statistics.build.maven.state","version":"9"},"event":{"data":{"created":1621463879164,"project":"-1762905611"},"id":"workOffline.disabled"}}
{"session":"fd026b151824","build":"183.4588.61","bucket":"-1","time":1621463879163,"group":{"id":"internal.statistics.build.maven.state","version":"9"},"event":{"data":{"created":1621463879164,"project":"-1762905611"},"id":"importAutomatically.disabled"}}
{"session":"fd026b151824","build":"183.4588.61","bucket":"-1","time":1621463879163,"group":{"id":"internal.statistics.build.maven.state","version":"9"},"event":{"data":{"created":1621463879164,"project":"-1762905611"},"id":"generatedSourcesFolder.autodetect"}}
{"session":"fd026b151824","build":"183.4588.61","bucket":"-1","time":1621463879163,"group":{"id":"internal.statistics.build.maven.state","version":"9"},"event":{"data":{"created":1621463879164,"project":"-1762905611"},"id":"loggingLevel.info"}}
{"session":"fd026b151824","build":"183.4588.61","bucket":"-1","time":1621463879163,"group":{"id":"internal.statistics.build.maven.state","version":"9"},"event":{"data":{"created":1621463879165,"project":"-1762905611"},"id":"alwaysUpdateSnapshots.disabled"}}
{"session":"fd026b151824","build":"183.4588.61","bucket":"-1","time":1621463879163,"group":{"id":"internal.statistics.build.maven.state","version":"9"},"event":{"data":{"created":1621463879166,"project":"-1762905611"},"id":"keepSourceFolders.enabled"}}
{"session":"fd026b151824","build":"183.4588.61","bucket":"-1","time":1621463879163,"group":{"id":"internal.statistics.build.maven.state","version":"9"},"event":{"data":{"created":1621463879166,"project":"-1762905611"},"id":"pluginUpdatePolicy.default"}}
{"session":"fd026b151824","build":"183.4588.61","bucket":"-1","time":1621463879163,"group":{"id":"internal.statistics.build.maven.state","version":"9"},"event":{"data":{"created":1621463879166,"project":"-1762905611"},"id":"skipTests.disabled"}}
{"session":"fd026b151824","build":"183.4588.61","bucket":"-1","time":1621463879163,"group":{"id":"internal.statistics.build.maven.state","version":"9"},"event":{"data":{"created":1621463879166,"project":"-1762905611"},"id":"updateFoldersOnImportPhase.process-resources"}}
{"session":"fd026b151824","build":"183.4588.61","bucket":"-1","time":1621463879163,"group":{"id":"internal.statistics.build.maven.state","version":"9"},"event":{"data":{"created":1621463879166,"project":"-1762905611"},"id":"checksumPolicy.not_set"}}
{"session":"fd026b151824","build":"183.4588.61","bucket":"-1","time":1621463879163,"group":{"id":"internal.statistics.build.maven.state","version":"9"},"event":{"data":{"created":1621463879167,"project":"-1762905611"},"id":"useMavenOutput.enabled"}}
{"session":"fd026b151824","build":"183.4588.61","bucket":"-1","time":1621463879163,"group":{"id":"internal.statistics.build.maven.state","version":"9"},"event":{"data":{"created":1621463879167,"project":"-1762905611"},"id":"passParentEnv.enabled"}}
{"session":"fd026b151824","build":"183.4588.61","bucket":"-1","time":1621463879163,"group":{"id":"internal.statistics.build.maven.state","version":"9"},"event":{"data":{"created":1621463879167,"project":"-1762905611"},"id":"usePluginRegistry.disabled"}}
{"session":"fd026b151824","build":"183.4588.61","bucket":"-1","time":1621463879163,"group":{"id":"internal.statistics.build.maven.state","version":"9"},"event":{"data":{"created":1621463879167,"project":"-1762905611"},"id":"createModuleGroups.disabled"}}
{"session":"fd026b151824","build":"183.4588.61","bucket":"-1","time":1621463879163,"group":{"id":"internal.statistics.build.maven.state","version":"9"},"event":{"data":{"created":1621463879167,"project":"-1762905611"},"id":"runMavenInBackground.enabled"}}
{"session":"fd026b151824","build":"183.4588.61","bucket":"-1","time":1621463879163,"group":{"id":"internal.statistics.build.maven.state","version":"9"},"event":{"data":{"created":1621463879167,"project":"-1762905611"},"id":"outputLevel.info"}}
{"session":"fd026b151824","build":"183.4588.61","bucket":"-1","time":1621463879163,"group":{"id":"internal.statistics.build.maven.state","version":"9"},"event":{"data":{"created":1621463879167,"project":"-1762905611"},"id":"delegateBuildRun.disabled"}}
{"session":"fd026b151824","build":"183.4588.61","bucket":"-1","time":1621463879165,"group":{"id":"internal.statistics.platform.registry.project","version":"9"},"event":{"data":{"created":1621463879167,"project":"-1762905611"},"id":"java.completion.argument.hints.internal"}}
{"session":"fd026b151824","build":"183.4588.61","bucket":"-1","time":1621463879165,"group":{"id":"internal.statistics.platform.registry.project","version":"9"},"event":{"data":{"created":1621463879168,"project":"-1762905611"},"id":"inline.browse.button"}}
{"session":"fd026b151824","build":"183.4588.61","bucket":"-1","time":1621463879165,"group":{"id":"internal.statistics.vcs.options","version":"9"},"event":{"data":{"created":1621463879168,"project":"-1762905611"},"id":"commit.before.check.non.empty.comment.disabled"}}
{"session":"fd026b151824","build":"183.4588.61","bucket":"-1","time":1621463879165,"group":{"id":"internal.statistics.vcs.options","version":"9"},"event":{"data":{"created":1621463879168,"project":"-1762905611"},"id":"offer.move.partially.committed.disabled"}}
{"session":"fd026b151824","build":"183.4588.61","bucket":"-1","time":1621463879165,"group":{"id":"internal.statistics.vcs.options","version":"9"},"event":{"data":{"created":1621463879168,"project":"-1762905611"},"id":"perform.update.in.background.enabled"}}
{"session":"fd026b151824","build":"183.4588.61","bucket":"-1","time":1621463879165,"group":{"id":"internal.statistics.vcs.options","version":"9"},"event":{"data":{"created":1621463879168,"project":"-1762905611"},"id":"perform.rollback.in.background.disabled"}}
{"session":"fd026b151824","build":"183.4588.61","bucket":"-1","time":1621463879165,"group":{"id":"internal.statistics.vcs.options","version":"9"},"event":{"data":{"created":1621463879168,"project":"-1762905611"},"id":"offer.remove.empty.changelist.show_confirmation"}}
{"session":"fd026b151824","build":"183.4588.61","bucket":"-1","time":1621463879165,"group":{"id":"internal.statistics.vcs.options","version":"9"},"event":{"data":{"created":1621463879168,"project":"-1762905611"},"id":"perform.commit.in.background.enabled"}}
{"session":"fd026b151824","build":"183.4588.61","bucket":"-1","time":1621463879165,"group":{"id":"internal.statistics.vcs.options","version":"9"},"event":{"data":{"created":1621463879168,"project":"-1762905611"},"id":"perform.checkout.in.background.enabled"}}
{"session":"fd026b151824","build":"183.4588.61","bucket":"-1","time":1621463879165,"group":{"id":"internal.statistics.vcs.options","version":"9"},"event":{"data":{"created":1621463879169,"project":"-1762905611"},"id":"commit.before.check.code.smell.enabled"}}
{"session":"fd026b151824","build":"183.4588.61","bucket":"-1","time":1621463879165,"group":{"id":"internal.statistics.vcs.options","version":"9"},"event":{"data":{"created":1621463879169,"project":"-1762905611"},"id":"commit.use.right.margin.enabled"}}
{"session":"fd026b151824","build":"183.4588.61","bucket":"-1","time":1621463879165,"group":{"id":"internal.statistics.vcs.options","version":"9"},"event":{"data":{"created":1621463879169,"project":"-1762905611"},"id":"check.conflicts.in.background.disabled"}}
{"session":"fd026b151824","build":"183.4588.61","bucket":"-1","time":1621463879165,"group":{"id":"internal.statistics.vcs.options","version":"9"},"event":{"data":{"created":1621463879169,"project":"-1762905611"},"id":"changelist.preselect.existing.disabled"}}
{"session":"fd026b151824","build":"183.4588.61","bucket":"-1","time":1621463879165,"group":{"id":"internal.statistics.vcs.options","version":"9"},"event":{"data":{"created":1621463879169,"project":"-1762905611"},"id":"commit.before.check.todo.enabled"}}
{"session":"fd026b151824","build":"183.4588.61","bucket":"-1","time":1621463879165,"group":{"id":"internal.statistics.vcs.options","version":"9"},"event":{"data":{"created":1621463879170,"project":"-1762905611"},"id":"offer.move.failed.committed.do_nothing_silently"}}
{"session":"fd026b151824","build":"183.4588.61","bucket":"-1","time":1621463879165,"group":{"id":"internal.statistics.vcs.options","version":"9"},"event":{"data":{"created":1621463879170,"project":"-1762905611"},"id":"commit.before.reformat.project.disabled"}}
{"session":"fd026b151824","build":"183.4588.61","bucket":"-1","time":1621463879165,"group":{"id":"internal.statistics.vcs.options","version":"9"},"event":{"data":{"created":1621463879170,"project":"-1762905611"},"id":"include.text.into.shelf.enabled"}}
{"session":"fd026b151824","build":"183.4588.61","bucket":"-1","time":1621463879165,"group":{"id":"internal.statistics.vcs.options","version":"9"},"event":{"data":{"created":1621463879170,"project":"-1762905611"},"id":"changelist.make.new.active.disabled"}}
{"session":"fd026b151824","build":"183.4588.61","bucket":"-1","time":1621463879165,"group":{"id":"internal.statistics.vcs.options","version":"9"},"event":{"data":{"created":1621463879170,"project":"-1762905611"},"id":"perform.add_remove.in.background.enabled"}}
{"session":"fd026b151824","build":"183.4588.61","bucket":"-1","time":1621463879165,"group":{"id":"internal.statistics.vcs.options","version":"9"},"event":{"data":{"created":1621463879170,"project":"-1762905611"},"id":"show.changes.preview.disabled"}}
{"session":"fd026b151824","build":"183.4588.61","bucket":"-1","time":1621463879165,"group":{"id":"internal.statistics.vcs.options","version":"9"},"event":{"data":{"created":1621463879170,"project":"-1762905611"},"id":"commit.before.optimize.imports.disabled"}}
{"session":"fd026b151824","build":"183.4588.61","bucket":"-1","time":1621463879165,"group":{"id":"internal.statistics.vcs.options","version":"9"},"event":{"data":{"created":1621463879170,"project":"-1762905611"},"id":"commit.before.rearrange.disabled"}}
{"session":"fd026b151824","build":"183.4588.61","bucket":"-1","time":1621463879165,"group":{"id":"internal.statistics.vcs.options","version":"9"},"event":{"data":{"created":1621463879171,"project":"-1762905611"},"id":"commit.before.check.code.cleanup.disabled"}}
{"session":"fd026b151824","build":"183.4588.61","bucket":"-1","time":1621463879165,"group":{"id":"internal.statistics.vcs.options","version":"9"},"event":{"data":{"created":1621463879171,"project":"-1762905611"},"id":"perform.edit.in.background.enabled"}}
{"session":"fd026b151824","build":"183.4588.61","bucket":"-1","time":1621463879165,"group":{"id":"internal.statistics.vcs.options","version":"9"},"event":{"data":{"created":1621463879171,"project":"-1762905611"},"id":"commit.clear.initial.comment.disabled"}}
{"session":"fd026b151824","build":"183.4588.61","bucket":"-1","time":1621463879165,"group":{"id":"internal.statistics.vcs.options","version":"9"},"event":{"data":{"created":1621463879171,"project":"-1762905611"},"id":"commit.show.unversioned.enabled"}}
{"session":"fd026b151824","build":"183.4588.61","bucket":"-1","time":1621463879166,"group":{"id":"internal.statistics.keymap.name","version":"9"},"event":{"data":{"created":1621463879171,"project":"-1762905611","data_1":"Windows"},"id":"$default"}}
{"session":"fd026b151824","build":"183.4588.61","bucket":"-1","time":1621463879168,"group":{"id":"internal.statistics.vcs.metrics","version":"9"},"event":{"data":{"created":1621463879171,"project":"-1762905611"},"id":"ignored.files.count.0"}}
{"session":"fd026b151824","build":"183.4588.61","bucket":"-1","time":1621463879168,"group":{"id":"internal.statistics.vcs.metrics","version":"9"},"event":{"data":{"created":1621463879171,"project":"-1762905611"},"id":"active.changelists.count.1"}}
{"session":"fd026b151824","build":"183.4588.61","bucket":"-1","time":1621463879168,"group":{"id":"internal.statistics.vcs.metrics","version":"9"},"event":{"data":{"created":1621463879171,"project":"-1762905611"},"id":"vcs.roots.count.0"}}
{"session":"fd026b151824","build":"183.4588.61","bucket":"-1","time":1621463879168,"group":{"id":"internal.statistics.vcs.metrics","version":"9"},"event":{"data":{"created":1621463879171,"project":"-1762905611"},"id":"has.default.vcs.root.mapping.enabled"}}
{"session":"fd026b151824","build":"183.4588.61","bucket":"-1","time":1621463879168,"group":{"id":"internal.statistics.vcs.metrics","version":"9"},"event":{"data":{"created":1621463879172,"project":"-1762905611"},"id":"unversioned.files.count.0"}}
{"session":"fd026b151824","build":"183.4588.61","bucket":"-1","time":1621463879424,"group":{"id":"internal.statistics.file.types","version":"9"},"event":{"data":{"created":1621463879424,"project":"-1762905611"},"id":"XML"}}
{"session":"fd026b151824","build":"183.4588.61","bucket":"-1","time":1621463879424,"group":{"id":"internal.statistics.file.types","version":"9"},"event":{"data":{"created":1621463879424,"project":"-1762905611"},"id":"IDEA_MODULE"}}
{"session":"fd026b151824","build":"183.4588.61","bucket":"-1","time":1621463879424,"group":{"id":"internal.statistics.file.types","version":"9"},"event":{"data":{"created":1621463879424,"project":"-1762905611"},"id":"JAVA"}}
{"session":"fd026b151824","build":"183.4588.61","bucket":"-1","time":1621464483671,"group":{"id":"internal.statistics.javaLibraries","version":"9"},"event":{"data":{"created":1621464483671,"project":"-1762905611"},"id":"hibernate_5.4.10.Final"}}
{"session":"fd026b151824","build":"183.4588.61","bucket":"-1","time":1621464483671,"group":{"id":"internal.statistics.javaLibraries","version":"9"},"event":{"data":{"created":1621464483672,"project":"-1762905611"},"id":"apache-http_4.4.13"}}
{"session":"fd026b151824","build":"183.4588.61","bucket":"-1","time":1621464483671,"group":{"id":"internal.statistics.javaLibraries","version":"9"},"event":{"data":{"created":1621464483673,"project":"-1762905611"},"id":"junit4_4.12"}}
{"session":"fd026b151824","build":"183.4588.61","bucket":"-1","time":1621464483671,"group":{"id":"internal.statistics.javaLibraries","version":"9"},"event":{"data":{"created":1621464483673,"project":"-1762905611"},"id":"javax-jpa_2.2"}}
{"session":"fd026b151824","build":"183.4588.61","bucket":"-1","time":1621464483671,"group":{"id":"internal.statistics.javaLibraries","version":"9"},"event":{"data":{"created":1621464483673,"project":"-1762905611"},"id":"jetbrains-annotations_16.0.3"}}
{"session":"fd026b151824","build":"183.4588.61","bucket":"-1","time":1621464483671,"group":{"id":"internal.statistics.javaLibraries","version":"9"},"event":{"data":{"created":1621464483673,"project":"-1762905611"},"id":"gson_2.8.5"}}
{"session":"fd026b151824","build":"183.4588.61","bucket":"-1","time":1621464483671,"group":{"id":"internal.statistics.javaLibraries","version":"9"},"event":{"data":{"created":1621464483673,"project":"-1762905611"},"id":"testng_7.3.0"}}
{"session":"fd026b151824","build":"183.4588.61","bucket":"-1","time":1621464483672,"group":{"id":"internal.statistics.vcs.git.settings","version":"9"},"event":{"data":{"created":1621464483674,"project":"-1762905611"},"id":"config.update.type.BRANCH_DEFAULT"}}
{"session":"fd026b151824","build":"183.4588.61","bucket":"-1","time":1621464483672,"group":{"id":"internal.statistics.vcs.git.settings","version":"9"},"event":{"data":{"created":1621464483674,"project":"-1762905611"},"id":"config.push.autoupdate.disabled"}}
{"session":"fd026b151824","build":"183.4588.61","bucket":"-1","time":1621464483672,"group":{"id":"internal.statistics.vcs.git.settings","version":"9"},"event":{"data":{"created":1621464483674,"project":"-1762905611"},"id":"config.cherry-pick.autocommit.disabled"}}
{"session":"fd026b151824","build":"183.4588.61","bucket":"-1","time":1621464483672,"group":{"id":"internal.statistics.vcs.git.settings","version":"9"},"event":{"data":{"created":1621464483674,"project":"-1762905611"},"id":"config.repo.sync.NOT_DECIDED"}}
{"session":"fd026b151824","build":"183.4588.61","bucket":"-1","time":1621464483672,"group":{"id":"internal.statistics.vcs.git.settings","version":"9"},"event":{"data":{"created":1621464483674,"project":"-1762905611"},"id":"config.save.policy.STASH"}}
{"session":"fd026b151824","build":"183.4588.61","bucket":"-1","time":1621464483672,"group":{"id":"internal.statistics.vcs.git.settings","version":"9"},"event":{"data":{"created":1621464483674,"project":"-1762905611"},"id":"config.push.update.all.roots.enabled"}}
{"session":"fd026b151824","build":"183.4588.61","bucket":"-1","time":1621464483672,"group":{"id":"internal.statistics.vcs.git.settings","version":"9"},"event":{"data":{"created":1621464483674,"project":"-1762905611"},"id":"version.0.0.0-NULL"}}
{"session":"fd026b151824","build":"183.4588.61","bucket":"-1","time":1621464483672,"group":{"id":"internal.statistics.vcs.git.settings","version":"9"},"event":{"data":{"created":1621464483674,"project":"-1762905611"},"id":"config.ssh.disabled"}}
{"session":"fd026b151824","build":"183.4588.61","bucket":"-1","time":1621464483672,"group":{"id":"internal.statistics.vcs.git.settings","version":"9"},"event":{"data":{"created":1621464483674,"project":"-1762905611"},"id":"config.warn.about.crlf.enabled"}}
{"session":"fd026b151824","build":"183.4588.61","bucket":"-1","time":1621464483672,"group":{"id":"internal.statistics.vcs.git.settings","version":"9"},"event":{"data":{"created":1621464483675,"project":"-1762905611"},"id":"config.warn.about.detached.enabled"}}
{"session":"fd026b151824","build":"183.4588.61","bucket":"-1","time":1621464483675,"group":{"id":"internal.statistics.build.tools","version":"9"},"event":{"data":{"created":1621464483675,"project":"-1762905611"},"id":"Maven"}}
{"session":"fd026b151824","build":"183.4588.61","bucket":"-1","time":1621464483676,"group":{"id":"internal.statistics.run.dashboard","version":"9"},"event":{"data":{"created":1621464483676,"project":"-1762905611"},"id":"run.dashboard.disabled"}}
{"session":"fd026b151824","build":"183.4588.61","bucket":"-1","time":1621464483676,"group":{"id":"internal.statistics.debugger.breakpoints","version":"9"},"event":{"data":{"created":1621464483676,"project":"-1762905611"},"id":"total.0"}}
{"session":"fd026b151824","build":"183.4588.61","bucket":"-1","time":1621464483676,"group":{"id":"internal.statistics.build.maven.state","version":"9"},"event":{"data":{"created":1621464483677,"project":"-1762905611"},"id":"pluginUpdatePolicy.default"}}
{"session":"fd026b151824","build":"183.4588.61","bucket":"-1","time":1621464483677,"group":{"id":"internal.statistics.build.maven.state","version":"9"},"event":{"data":{"created":1621464483677,"project":"-1762905611"},"id":"updateFoldersOnImportPhase.process-resources"}}
{"session":"fd026b151824","build":"183.4588.61","bucket":"-1","time":1621464483677,"group":{"id":"internal.statistics.build.maven.state","version":"9"},"event":{"data":{"created":1621464483677,"project":"-1762905611"},"id":"keepSourceFolders.enabled"}}
{"session":"fd026b151824","build":"183.4588.61","bucket":"-1","time":1621464483677,"group":{"id":"internal.statistics.build.maven.state","version":"9"},"event":{"data":{"created":1621464483677,"project":"-1762905611"},"id":"generatedSourcesFolder.autodetect"}}
{"session":"fd026b151824","build":"183.4588.61","bucket":"-1","time":1621464483677,"group":{"id":"internal.statistics.build.maven.state","version":"9"},"event":{"data":{"created":1621464483677,"project":"-1762905611"},"id":"printErrorStackTraces.disabled"}}
{"session":"fd026b151824","build":"183.4588.61","bucket":"-1","time":1621464483677,"group":{"id":"internal.statistics.build.maven.state","version":"9"},"event":{"data":{"created":1621464483677,"project":"-1762905611"},"id":"workOffline.disabled"}}
{"session":"fd026b151824","build":"183.4588.61","bucket":"-1","time":1621464483677,"group":{"id":"internal.statistics.build.maven.state","version":"9"},"event":{"data":{"created":1621464483678,"project":"-1762905611"},"id":"importAutomatically.disabled"}}
{"session":"fd026b151824","build":"183.4588.61","bucket":"-1","time":1621464483677,"group":{"id":"internal.statistics.build.maven.state","version":"9"},"event":{"data":{"created":1621464483678,"project":"-1762905611"},"id":"runMavenInBackground.enabled"}}
{"session":"fd026b151824","build":"183.4588.61","bucket":"-1","time":1621464483677,"group":{"id":"internal.statistics.build.maven.state","version":"9"},"event":{"data":{"created":1621464483678,"project":"-1762905611"},"id":"createModulesForAggregators.enabled"}}
{"session":"fd026b151824","build":"183.4588.61","bucket":"-1","time":1621464483677,"group":{"id":"internal.statistics.build.maven.state","version":"9"},"event":{"data":{"created":1621464483679,"project":"-1762905611"},"id":"failureBehavior.not_set"}}
{"session":"fd026b151824","build":"183.4588.61","bucket":"-1","time":1621464483677,"group":{"id":"internal.statistics.build.maven.state","version":"9"},"event":{"data":{"created":1621464483679,"project":"-1762905611"},"id":"downloadDocsAutomatically.disabled"}}
{"session":"fd026b151824","build":"183.4588.61","bucket":"-1","time":1621464483677,"group":{"id":"internal.statistics.build.maven.state","version":"9"},"event":{"data":{"created":1621464483679,"project":"-1762905611"},"id":"useMavenOutput.enabled"}}
{"session":"fd026b151824","build":"183.4588.61","bucket":"-1","time":1621464483677,"group":{"id":"internal.statistics.build.maven.state","version":"9"},"event":{"data":{"created":1621464483679,"project":"-1762905611"},"id":"passParentEnv.enabled"}}
{"session":"fd026b151824","build":"183.4588.61","bucket":"-1","time":1621464483677,"group":{"id":"internal.statistics.build.maven.state","version":"9"},"event":{"data":{"created":1621464483679,"project":"-1762905611"},"id":"nonRecursive.disabled"}}
{"session":"fd026b151824","build":"183.4588.61","bucket":"-1","time":1621464483677,"group":{"id":"internal.statistics.build.maven.state","version":"9"},"event":{"data":{"created":1621464483679,"project":"-1762905611"},"id":"outputLevel.info"}}
{"session":"fd026b151824","build":"183.4588.61","bucket":"-1","time":1621464483677,"group":{"id":"internal.statistics.build.maven.state","version":"9"},"event":{"data":{"created":1621464483680,"project":"-1762905611"},"id":"lookForNested.disabled"}}
{"session":"fd026b151824","build":"183.4588.61","bucket":"-1","time":1621464483677,"group":{"id":"internal.statistics.build.maven.state","version":"9"},"event":{"data":{"created":1621464483680,"project":"-1762905611"},"id":"alwaysUpdateSnapshots.disabled"}}
{"session":"fd026b151824","build":"183.4588.61","bucket":"-1","time":1621464483677,"group":{"id":"internal.statistics.build.maven.state","version":"9"},"event":{"data":{"created":1621464483680,"project":"-1762905611"},"id":"createModuleGroups.disabled"}}
{"session":"fd026b151824","build":"183.4588.61","bucket":"-1","time":1621464483677,"group":{"id":"internal.statistics.build.maven.state","version":"9"},"event":{"data":{"created":1621464483680,"project":"-1762905611"},"id":"excludeTargetFolder.enabled"}}
{"session":"fd026b151824","build":"183.4588.61","bucket":"-1","time":1621464483677,"group":{"id":"internal.statistics.build.maven.state","version":"9"},"event":{"data":{"created":1621464483680,"project":"-1762905611"},"id":"loggingLevel.info"}}
{"session":"fd026b151824","build":"183.4588.61","bucket":"-1","time":1621464483677,"group":{"id":"internal.statistics.build.maven.state","version":"9"},"event":{"data":{"created":1621464483680,"project":"-1762905611"},"id":"downloadSourcesAutomatically.disabled"}}
{"session":"fd026b151824","build":"183.4588.61","bucket":"-1","time":1621464483677,"group":{"id":"internal.statistics.build.maven.state","version":"9"},"event":{"data":{"created":1621464483680,"project":"-1762905611"},"id":"checksumPolicy.not_set"}}
{"session":"fd026b151824","build":"183.4588.61","bucket":"-1","time":1621464483677,"group":{"id":"internal.statistics.build.maven.state","version":"9"},"event":{"data":{"created":1621464483680,"project":"-1762905611"},"id":"skipTests.disabled"}}
{"session":"fd026b151824","build":"183.4588.61","bucket":"-1","time":1621464483677,"group":{"id":"internal.statistics.build.maven.state","version":"9"},"event":{"data":{"created":1621464483680,"project":"-1762905611"},"id":"delegateBuildRun.disabled"}}
{"session":"fd026b151824","build":"183.4588.61","bucket":"-1","time":1621464483677,"group":{"id":"internal.statistics.build.maven.state","version":"9"},"event":{"data":{"created":1621464483681,"project":"-1762905611"},"id":"usePluginRegistry.disabled"}}
{"session":"fd026b151824","build":"183.4588.61","bucket":"-1","time":1621464483679,"group":{"id":"internal.statistics.platform.registry.project","version":"9"},"event":{"data":{"created":1621464483681,"project":"-1762905611"},"id":"inline.browse.button"}}
{"session":"fd026b151824","build":"183.4588.61","bucket":"-1","time":1621464483679,"group":{"id":"internal.statistics.platform.registry.project","version":"9"},"event":{"data":{"created":1621464483681,"project":"-1762905611"},"id":"java.completion.argument.hints.internal"}}
{"session":"fd026b151824","build":"183.4588.61","bucket":"-1","time":1621464483679,"group":{"id":"internal.statistics.vcs.options","version":"9"},"event":{"data":{"created":1621464483681,"project":"-1762905611"},"id":"commit.use.right.margin.enabled"}}
{"session":"fd026b151824","build":"183.4588.61","bucket":"-1","time":1621464483679,"group":{"id":"internal.statistics.vcs.options","version":"9"},"event":{"data":{"created":1621464483681,"project":"-1762905611"},"id":"perform.edit.in.background.enabled"}}
{"session":"fd026b151824","build":"183.4588.61","bucket":"-1","time":1621464483679,"group":{"id":"internal.statistics.vcs.options","version":"9"},"event":{"data":{"created":1621464483681,"project":"-1762905611"},"id":"commit.before.check.code.cleanup.disabled"}}
{"session":"fd026b151824","build":"183.4588.61","bucket":"-1","time":1621464483679,"group":{"id":"internal.statistics.vcs.options","version":"9"},"event":{"data":{"created":1621464483682,"project":"-1762905611"},"id":"commit.show.unversioned.enabled"}}
{"session":"fd026b151824","build":"183.4588.61","bucket":"-1","time":1621464483679,"group":{"id":"internal.statistics.vcs.options","version":"9"},"event":{"data":{"created":1621464483682,"project":"-1762905611"},"id":"commit.before.reformat.project.disabled"}}
{"session":"fd026b151824","build":"183.4588.61","bucket":"-1","time":1621464483679,"group":{"id":"internal.statistics.vcs.options","version":"9"},"event":{"data":{"created":1621464483682,"project":"-1762905611"},"id":"offer.move.failed.committed.do_nothing_silently"}}
{"session":"fd026b151824","build":"183.4588.61","bucket":"-1","time":1621464483679,"group":{"id":"internal.statistics.vcs.options","version":"9"},"event":{"data":{"created":1621464483682,"project":"-1762905611"},"id":"perform.commit.in.background.enabled"}}
{"session":"fd026b151824","build":"183.4588.61","bucket":"-1","time":1621464483679,"group":{"id":"internal.statistics.vcs.options","version":"9"},"event":{"data":{"created":1621464483682,"project":"-1762905611"},"id":"include.text.into.shelf.enabled"}}
{"session":"fd026b151824","build":"183.4588.61","bucket":"-1","time":1621464483679,"group":{"id":"internal.statistics.vcs.options","version":"9"},"event":{"data":{"created":1621464483682,"project":"-1762905611"},"id":"offer.move.partially.committed.disabled"}}
{"session":"fd026b151824","build":"183.4588.61","bucket":"-1","time":1621464483679,"group":{"id":"internal.statistics.vcs.options","version":"9"},"event":{"data":{"created":1621464483682,"project":"-1762905611"},"id":"changelist.preselect.existing.disabled"}}
{"session":"fd026b151824","build":"183.4588.61","bucket":"-1","time":1621464483679,"group":{"id":"internal.statistics.vcs.options","version":"9"},"event":{"data":{"created":1621464483682,"project":"-1762905611"},"id":"commit.before.check.non.empty.comment.disabled"}}
{"session":"fd026b151824","build":"183.4588.61","bucket":"-1","time":1621464483679,"group":{"id":"internal.statistics.vcs.options","version":"9"},"event":{"data":{"created":1621464483682,"project":"-1762905611"},"id":"changelist.make.new.active.disabled"}}
{"session":"fd026b151824","build":"183.4588.61","bucket":"-1","time":1621464483679,"group":{"id":"internal.statistics.vcs.options","version":"9"},"event":{"data":{"created":1621464483683,"project":"-1762905611"},"id":"commit.before.check.code.smell.enabled"}}
{"session":"fd026b151824","build":"183.4588.61","bucket":"-1","time":1621464483679,"group":{"id":"internal.statistics.vcs.options","version":"9"},"event":{"data":{"created":1621464483683,"project":"-1762905611"},"id":"offer.remove.empty.changelist.show_confirmation"}}
{"session":"fd026b151824","build":"183.4588.61","bucket":"-1","time":1621464483679,"group":{"id":"internal.statistics.vcs.options","version":"9"},"event":{"data":{"created":1621464483683,"project":"-1762905611"},"id":"perform.update.in.background.enabled"}}
{"session":"fd026b151824","build":"183.4588.61","bucket":"-1","time":1621464483679,"group":{"id":"internal.statistics.vcs.options","version":"9"},"event":{"data":{"created":1621464483683,"project":"-1762905611"},"id":"perform.checkout.in.background.enabled"}}
{"session":"fd026b151824","build":"183.4588.61","bucket":"-1","time":1621464483679,"group":{"id":"internal.statistics.vcs.options","version":"9"},"event":{"data":{"created":1621464483683,"project":"-1762905611"},"id":"commit.before.rearrange.disabled"}}
{"session":"fd026b151824","build":"183.4588.61","bucket":"-1","time":1621464483679,"group":{"id":"internal.statistics.vcs.options","version":"9"},"event":{"data":{"created":1621464483683,"project":"-1762905611"},"id":"perform.rollback.in.background.disabled"}}
{"session":"fd026b151824","build":"183.4588.61","bucket":"-1","time":1621464483679,"group":{"id":"internal.statistics.vcs.options","version":"9"},"event":{"data":{"created":1621464483683,"project":"-1762905611"},"id":"commit.before.optimize.imports.disabled"}}
{"session":"fd026b151824","build":"183.4588.61","bucket":"-1","time":1621464483679,"group":{"id":"internal.statistics.vcs.options","version":"9"},"event":{"data":{"created":1621464483684,"project":"-1762905611"},"id":"show.changes.preview.disabled"}}
{"session":"fd026b151824","build":"183.4588.61","bucket":"-1","time":1621464483679,"group":{"id":"internal.statistics.vcs.options","version":"9"},"event":{"data":{"created":1621464483684,"project":"-1762905611"},"id":"perform.add_remove.in.background.enabled"}}
{"session":"fd026b151824","build":"183.4588.61","bucket":"-1","time":1621464483679,"group":{"id":"internal.statistics.vcs.options","version":"9"},"event":{"data":{"created":1621464483684,"project":"-1762905611"},"id":"commit.before.check.todo.enabled"}}
{"session":"fd026b151824","build":"183.4588.61","bucket":"-1","time":1621464483679,"group":{"id":"internal.statistics.vcs.options","version":"9"},"event":{"data":{"created":1621464483684,"project":"-1762905611"},"id":"commit.clear.initial.comment.disabled"}}
{"session":"fd026b151824","build":"183.4588.61","bucket":"-1","time":1621464483679,"group":{"id":"internal.statistics.vcs.options","version":"9"},"event":{"data":{"created":1621464483684,"project":"-1762905611"},"id":"check.conflicts.in.background.disabled"}}
{"session":"fd026b151824","build":"183.4588.61","bucket":"-1","time":1621464483679,"group":{"id":"internal.statistics.keymap.name","version":"9"},"event":{"data":{"created":1621464483684,"project":"-1762905611","data_1":"Windows"},"id":"$default"}}
{"session":"fd026b151824","build":"183.4588.61","bucket":"-1","time":1621464483680,"group":{"id":"internal.statistics.vcs.metrics","version":"9"},"event":{"data":{"created":1621464483684,"project":"-1762905611"},"id":"has.default.vcs.root.mapping.enabled"}}
{"session":"fd026b151824","build":"183.4588.61","bucket":"-1","time":1621464483680,"group":{"id":"internal.statistics.vcs.metrics","version":"9"},"event":{"data":{"created":1621464483684,"project":"-1762905611"},"id":"active.changelists.count.1"}}
{"session":"fd026b151824","build":"183.4588.61","bucket":"-1","time":1621464483680,"group":{"id":"internal.statistics.vcs.metrics","version":"9"},"event":{"data":{"created":1621464483684,"project":"-1762905611"},"id":"ignored.files.count.0"}}
{"session":"fd026b151824","build":"183.4588.61","bucket":"-1","time":1621464483680,"group":{"id":"internal.statistics.vcs.metrics","version":"9"},"event":{"data":{"created":1621464483685,"project":"-1762905611"},"id":"unversioned.files.count.0"}}
{"session":"fd026b151824","build":"183.4588.61","bucket":"-1","time":1621464483680,"group":{"id":"internal.statistics.vcs.metrics","version":"9"},"event":{"data":{"created":1621464483685,"project":"-1762905611"},"id":"vcs.roots.count.0"}}
{"session":"fd026b151824","build":"183.4588.61","bucket":"-1","time":1621464483823,"group":{"id":"internal.statistics.file.types","version":"9"},"event":{"data":{"created":1621464483823,"project":"-1762905611"},"id":"IDEA_MODULE"}}
{"session":"fd026b151824","build":"183.4588.61","bucket":"-1","time":1621464483823,"group":{"id":"internal.statistics.file.types","version":"9"},"event":{"data":{"created":1621464483823,"project":"-1762905611"},"id":"XML"}}
{"session":"fd026b151824","build":"183.4588.61","bucket":"-1","time":1621464483823,"group":{"id":"internal.statistics.file.types","version":"9"},"event":{"data":{"created":1621464483824,"project":"-1762905611"},"id":"JAVA"}}
{"session":"fd026b151824","build":"183.4588.61","bucket":"-1","time":1621494803834,"group":{"id":"actions.v2","version":"9"},"event":{"count":1,"data":{"context_menu":false,"created":1621494803834,"data_1":"Windows"},"id":"EditorCopy"}}
{"session":"fd026b151824","build":"183.4588.61","bucket":"-1","time":1621497824747,"group":{"id":"ui.dialogs","version":"9"},"event":{"count":1,"data":{"created":1621497824748,"type":"show"},"id":"com.intellij.openapi.ui.messages.MessageDialog"}}
{"session":"fd026b151824","build":"183.4588.61","bucket":"-1","time":1621497825526,"group":{"id":"statistics.lifecycle.app","version":"9"},"event":{"count":1,"data":{"created":1621497825526},"id":"ide.close"}}
{"session":"fd026b151824","build":"183.4588.61","bucket":"-1","time":1621497825526,"group":{"id":"lifecycle","version":"9"},"event":{"count":1,"data":{"restart":false,"created":1621497825526},"id":"app.closed"}}
{"session":"fd026b151824","build":"183.4588.61","bucket":"-1","time":1621497825567,"group":{"id":"statistics.lifecycle.project","version":"9"},"event":{"count":1,"data":{"created":1621497825567,"project":"-1762905611"},"id":"project.closed"}}
{"session":"fd026b151824","build":"183.4588.61","bucket":"-1","time":1621497826064,"group":{"id":"lifecycle","version":"9"},"event":{"count":1,"data":{"created":1621497826064},"id":"project.closed"}}
